<!doctype html>
<html lang="">
<head>
    <meta charset="UTF-8">
    <meta name="viewport"
          content="width=device-width, user-scalable=no, initial-scale=1.0, maximum-scale=1.0, minimum-scale=1.0">
    <meta http-equiv="X-UA-Compatible" content="ie=edge">
    <title>Test Results Report - test suite 4</title>

    <link href="reportng.css" rel="stylesheet" type="text/css"/>
</head>
<body>
<div id="meta">
Generated by <a href="http://www.testng.org" target="_blank">TestNG</a> with <a href="https://github.com/testng-team/reportng" target="_blank">ReportNG</a>
at 15:05 MDT on Thursday 23 June 2022
    <br/><span
    id="systemInfo">MikeHenze@MacBook-Air.local&nbsp;/&nbsp;Java 1.8.0_202 (Oracle Corporation)&nbsp;/&nbsp;Mac OS X 10.16 (x86_64)</span>
</div>
<h1>test suite 4</h1>

<p>
    <a href="index.html">Suites</a>
        &#183; <a href="output.html">Log Output</a>
</p>

<p>Test duration
    : 231.593s</p>


    <table class="resultsTable">
        <tr>
            <th colspan="3" class="header failed">Failed Tests</th>
        </tr>
            <tr>
                <td class="group" colspan="3">org.mikehenze.alexnova.testcases.ProductCartTests</td>
            </tr>
    <tr>
        <td class="method">
                TC0011_add_product_to_cart_test
        </td>
        <td class="duration">
            47.262s
        </td>
        <td class="result">
            <!-- Display the dependencies for skipped test methods -->


            <!-- Show logger output for the test -->

                <a href="javascript:toggleElement('exception-0', 'block')"
                   title="Click to expand/collapse">
                    <b>org.openqa.selenium.TimeoutException: Expected condition failed: waiting for visibility of element located by By.xpath: //*[@id=&apos;keyboard-nav-3&apos;]/div[2]/div[1]/p[1]/span[1] (tried for 40 second(s) with 500 milliseconds interval)<br/>
Build info: version: &apos;4.0.0&apos;, revision: &apos;3a21814679&apos;<br/>
System info: host: &apos;MacBook-Air.local&apos;, ip: &apos;2601:282:4200:f410:0:0:0:bc26%en0&apos;, os.name: &apos;Mac OS X&apos;, os.arch: &apos;x86_64&apos;, os.version: &apos;10.16&apos;, java.version: &apos;1.8.0_202&apos;<br/>
Driver info: org.openqa.selenium.chrome.ChromeDriver<br/>
Capabilities {acceptInsecureCerts: false, browserName: chrome, browserVersion: 102.0.5005.115, chrome: {chromedriverVersion: 101.0.4951.41 (93c720db8323..., userDataDir: /var/folders/7l/9vf35cy15ds...}, goog:chromeOptions: {debuggerAddress: localhost:64905}, javascriptEnabled: true, networkConnectionEnabled: false, pageLoadStrategy: normal, platform: MAC, platformName: MAC, proxy: Proxy(), se:cdp: ws://localhost:64905/devtoo..., se:cdpVersion: 102.0.5005.115, setWindowRect: true, strictFileInteractability: false, timeouts: {implicit: 0, pageLoad: 300000, script: 30000}, unhandledPromptBehavior: dismiss and notify, webauthn:extension:credBlob: true, webauthn:extension:largeBlob: true, webauthn:virtualAuthenticators: true}<br/>
Session ID: 02ad63b893fdca0493982ffb5e3dc872</b>
                </a>
                <br/>
                <div class="stackTrace" id="exception-0">
                        org.openqa.selenium.support.ui.WebDriverWait.timeoutException(WebDriverWait.java:138)<br/>
                        org.openqa.selenium.support.ui.FluentWait.until(FluentWait.java:231)<br/>
                        org.mikehenze.alexnova.testcases.ProductCartTests.TC0011_add_product_to_cart_test(ProductCartTests.java:96)<br/>
                        sun.reflect.NativeMethodAccessorImpl.invoke0(Native Method)<br/>
                        sun.reflect.NativeMethodAccessorImpl.invoke(NativeMethodAccessorImpl.java:62)<br/>
                        sun.reflect.DelegatingMethodAccessorImpl.invoke(DelegatingMethodAccessorImpl.java:43)<br/>
                        java.lang.reflect.Method.invoke(Method.java:498)<br/>
                        org.testng.internal.MethodInvocationHelper.invokeMethod(MethodInvocationHelper.java:124)<br/>
                        org.testng.internal.Invoker.invokeMethod(Invoker.java:583)<br/>
                        org.testng.internal.Invoker.invokeTestMethod(Invoker.java:719)<br/>
                        org.testng.internal.Invoker.invokeTestMethods(Invoker.java:989)<br/>
                        org.testng.internal.TestMethodWorker.invokeTestMethods(TestMethodWorker.java:125)<br/>
                        org.testng.internal.TestMethodWorker.run(TestMethodWorker.java:109)<br/>
                        org.testng.TestRunner.privateRun(TestRunner.java:648)<br/>
                        org.testng.TestRunner.run(TestRunner.java:505)<br/>
                        org.testng.SuiteRunner.runTest(SuiteRunner.java:455)<br/>
                        org.testng.SuiteRunner.runSequentially(SuiteRunner.java:450)<br/>
                        org.testng.SuiteRunner.privateRun(SuiteRunner.java:415)<br/>
                        org.testng.SuiteRunner.run(SuiteRunner.java:364)<br/>
                        org.testng.SuiteRunnerWorker.runSuite(SuiteRunnerWorker.java:52)<br/>
                        org.testng.SuiteRunnerWorker.run(SuiteRunnerWorker.java:84)<br/>
                        org.testng.TestNG.runSuitesSequentially(TestNG.java:1208)<br/>
                        org.testng.TestNG.runSuitesLocally(TestNG.java:1137)<br/>
                        org.testng.TestNG.runSuites(TestNG.java:1049)<br/>
                        org.testng.TestNG.run(TestNG.java:1017)<br/>
                        com.intellij.rt.testng.IDEARemoteTestNG.run(IDEARemoteTestNG.java:66)<br/>
                        com.intellij.rt.testng.RemoteTestNGStarter.main(RemoteTestNGStarter.java:109)<br/>
                </div>
        </td>
    </tr>
    <tr>
        <td class="method">
                TC0012_refresh_page_checking_items_still_in_cart_test
        </td>
        <td class="duration">
            42.800s
        </td>
        <td class="result">
            <!-- Display the dependencies for skipped test methods -->


            <!-- Show logger output for the test -->

                <a href="javascript:toggleElement('exception-1', 'block')"
                   title="Click to expand/collapse">
                    <b>org.openqa.selenium.NoSuchElementException: no such element: Unable to locate element: {&quot;method&quot;:&quot;link text&quot;,&quot;selector&quot;:&quot;Tracy Stripes Mesh First Walker Baby Sandals&quot;}<br/>
&nbsp; (Session info: chrome=102.0.5005.115)<br/>
For documentation on this error, please visit: https://selenium.dev/exceptions/#no_such_element<br/>
Build info: version: &apos;4.0.0&apos;, revision: &apos;3a21814679&apos;<br/>
System info: host: &apos;MacBook-Air.local&apos;, ip: &apos;2601:282:4200:f410:0:0:0:bc26%en0&apos;, os.name: &apos;Mac OS X&apos;, os.arch: &apos;x86_64&apos;, os.version: &apos;10.16&apos;, java.version: &apos;1.8.0_202&apos;<br/>
Driver info: org.openqa.selenium.chrome.ChromeDriver<br/>
Command: [02ad63b893fdca0493982ffb5e3dc872, findElement {using=link text, value=Tracy Stripes Mesh First Walker Baby Sandals}]<br/>
Capabilities {acceptInsecureCerts: false, browserName: chrome, browserVersion: 102.0.5005.115, chrome: {chromedriverVersion: 101.0.4951.41 (93c720db8323..., userDataDir: /var/folders/7l/9vf35cy15ds...}, goog:chromeOptions: {debuggerAddress: localhost:64905}, javascriptEnabled: true, networkConnectionEnabled: false, pageLoadStrategy: normal, platform: MAC, platformName: MAC, proxy: Proxy(), se:cdp: ws://localhost:64905/devtoo..., se:cdpVersion: 102.0.5005.115, setWindowRect: true, strictFileInteractability: false, timeouts: {implicit: 0, pageLoad: 300000, script: 30000}, unhandledPromptBehavior: dismiss and notify, webauthn:extension:credBlob: true, webauthn:extension:largeBlob: true, webauthn:virtualAuthenticators: true}<br/>
Session ID: 02ad63b893fdca0493982ffb5e3dc872</b>
                </a>
                <br/>
                <div class="stackTrace" id="exception-1">
                        sun.reflect.NativeConstructorAccessorImpl.newInstance0(Native Method)<br/>
                        sun.reflect.NativeConstructorAccessorImpl.newInstance(NativeConstructorAccessorImpl.java:62)<br/>
                        sun.reflect.DelegatingConstructorAccessorImpl.newInstance(DelegatingConstructorAccessorImpl.java:45)<br/>
                        java.lang.reflect.Constructor.newInstance(Constructor.java:423)<br/>
                        org.openqa.selenium.remote.codec.w3c.W3CHttpResponseCodec.createException(W3CHttpResponseCodec.java:200)<br/>
                        org.openqa.selenium.remote.codec.w3c.W3CHttpResponseCodec.decode(W3CHttpResponseCodec.java:133)<br/>
                        org.openqa.selenium.remote.codec.w3c.W3CHttpResponseCodec.decode(W3CHttpResponseCodec.java:53)<br/>
                        org.openqa.selenium.remote.HttpCommandExecutor.execute(HttpCommandExecutor.java:184)<br/>
                        org.openqa.selenium.remote.service.DriverCommandExecutor.invokeExecute(DriverCommandExecutor.java:164)<br/>
                        org.openqa.selenium.remote.service.DriverCommandExecutor.execute(DriverCommandExecutor.java:139)<br/>
                        org.openqa.selenium.remote.RemoteWebDriver.execute(RemoteWebDriver.java:559)<br/>
                        org.openqa.selenium.remote.ElementLocation$ElementFinder$2.findElement(ElementLocation.java:162)<br/>
                        org.openqa.selenium.remote.ElementLocation.findElement(ElementLocation.java:60)<br/>
                        org.openqa.selenium.remote.RemoteWebDriver.findElement(RemoteWebDriver.java:383)<br/>
                        org.openqa.selenium.remote.RemoteWebDriver.findElement(RemoteWebDriver.java:375)<br/>
                        org.mikehenze.alexnova.pages.ProductCartPage.getQuantityInCart(ProductCartPage.java:48)<br/>
                        org.mikehenze.alexnova.testcases.ProductCartTests.TC0012_refresh_page_checking_items_still_in_cart_test(ProductCartTests.java:118)<br/>
                        sun.reflect.NativeMethodAccessorImpl.invoke0(Native Method)<br/>
                        sun.reflect.NativeMethodAccessorImpl.invoke(NativeMethodAccessorImpl.java:62)<br/>
                        sun.reflect.DelegatingMethodAccessorImpl.invoke(DelegatingMethodAccessorImpl.java:43)<br/>
                        java.lang.reflect.Method.invoke(Method.java:498)<br/>
                        org.testng.internal.MethodInvocationHelper.invokeMethod(MethodInvocationHelper.java:124)<br/>
                        org.testng.internal.Invoker.invokeMethod(Invoker.java:583)<br/>
                        org.testng.internal.Invoker.invokeTestMethod(Invoker.java:719)<br/>
                        org.testng.internal.Invoker.invokeTestMethods(Invoker.java:989)<br/>
                        org.testng.internal.TestMethodWorker.invokeTestMethods(TestMethodWorker.java:125)<br/>
                        org.testng.internal.TestMethodWorker.run(TestMethodWorker.java:109)<br/>
                        org.testng.TestRunner.privateRun(TestRunner.java:648)<br/>
                        org.testng.TestRunner.run(TestRunner.java:505)<br/>
                        org.testng.SuiteRunner.runTest(SuiteRunner.java:455)<br/>
                        org.testng.SuiteRunner.runSequentially(SuiteRunner.java:450)<br/>
                        org.testng.SuiteRunner.privateRun(SuiteRunner.java:415)<br/>
                        org.testng.SuiteRunner.run(SuiteRunner.java:364)<br/>
                        org.testng.SuiteRunnerWorker.runSuite(SuiteRunnerWorker.java:52)<br/>
                        org.testng.SuiteRunnerWorker.run(SuiteRunnerWorker.java:84)<br/>
                        org.testng.TestNG.runSuitesSequentially(TestNG.java:1208)<br/>
                        org.testng.TestNG.runSuitesLocally(TestNG.java:1137)<br/>
                        org.testng.TestNG.runSuites(TestNG.java:1049)<br/>
                        org.testng.TestNG.run(TestNG.java:1017)<br/>
                        com.intellij.rt.testng.IDEARemoteTestNG.run(IDEARemoteTestNG.java:66)<br/>
                        com.intellij.rt.testng.RemoteTestNGStarter.main(RemoteTestNGStarter.java:109)<br/>
                </div>
        </td>
    </tr>
    <tr>
        <td class="method">
                TC0013_check_product_quantity_in_cart_test
        </td>
        <td class="duration">
            40.023s
        </td>
        <td class="result">
            <!-- Display the dependencies for skipped test methods -->


            <!-- Show logger output for the test -->

                <a href="javascript:toggleElement('exception-2', 'block')"
                   title="Click to expand/collapse">
                    <b>org.openqa.selenium.NoSuchElementException: no such element: Unable to locate element: {&quot;method&quot;:&quot;xpath&quot;,&quot;selector&quot;:&quot;//*[@id=&apos;shopify-section-cart&apos;]/section/form/table/tbody/tr/td[1]/a[2]&quot;}<br/>
&nbsp; (Session info: chrome=102.0.5005.115)<br/>
For documentation on this error, please visit: https://selenium.dev/exceptions/#no_such_element<br/>
Build info: version: &apos;4.0.0&apos;, revision: &apos;3a21814679&apos;<br/>
System info: host: &apos;MacBook-Air.local&apos;, ip: &apos;2601:282:4200:f410:0:0:0:bc26%en0&apos;, os.name: &apos;Mac OS X&apos;, os.arch: &apos;x86_64&apos;, os.version: &apos;10.16&apos;, java.version: &apos;1.8.0_202&apos;<br/>
Driver info: org.openqa.selenium.chrome.ChromeDriver<br/>
Command: [02ad63b893fdca0493982ffb5e3dc872, findElement {using=xpath, value=//*[@id=&apos;shopify-section-cart&apos;]/section/form/table/tbody/tr/td[1]/a[2]}]<br/>
Capabilities {acceptInsecureCerts: false, browserName: chrome, browserVersion: 102.0.5005.115, chrome: {chromedriverVersion: 101.0.4951.41 (93c720db8323..., userDataDir: /var/folders/7l/9vf35cy15ds...}, goog:chromeOptions: {debuggerAddress: localhost:64905}, javascriptEnabled: true, networkConnectionEnabled: false, pageLoadStrategy: normal, platform: MAC, platformName: MAC, proxy: Proxy(), se:cdp: ws://localhost:64905/devtoo..., se:cdpVersion: 102.0.5005.115, setWindowRect: true, strictFileInteractability: false, timeouts: {implicit: 0, pageLoad: 300000, script: 30000}, unhandledPromptBehavior: dismiss and notify, webauthn:extension:credBlob: true, webauthn:extension:largeBlob: true, webauthn:virtualAuthenticators: true}<br/>
Session ID: 02ad63b893fdca0493982ffb5e3dc872</b>
                </a>
                <br/>
                <div class="stackTrace" id="exception-2">
                        sun.reflect.NativeConstructorAccessorImpl.newInstance0(Native Method)<br/>
                        sun.reflect.NativeConstructorAccessorImpl.newInstance(NativeConstructorAccessorImpl.java:62)<br/>
                        sun.reflect.DelegatingConstructorAccessorImpl.newInstance(DelegatingConstructorAccessorImpl.java:45)<br/>
                        java.lang.reflect.Constructor.newInstance(Constructor.java:423)<br/>
                        org.openqa.selenium.remote.codec.w3c.W3CHttpResponseCodec.createException(W3CHttpResponseCodec.java:200)<br/>
                        org.openqa.selenium.remote.codec.w3c.W3CHttpResponseCodec.decode(W3CHttpResponseCodec.java:133)<br/>
                        org.openqa.selenium.remote.codec.w3c.W3CHttpResponseCodec.decode(W3CHttpResponseCodec.java:53)<br/>
                        org.openqa.selenium.remote.HttpCommandExecutor.execute(HttpCommandExecutor.java:184)<br/>
                        org.openqa.selenium.remote.service.DriverCommandExecutor.invokeExecute(DriverCommandExecutor.java:164)<br/>
                        org.openqa.selenium.remote.service.DriverCommandExecutor.execute(DriverCommandExecutor.java:139)<br/>
                        org.openqa.selenium.remote.RemoteWebDriver.execute(RemoteWebDriver.java:559)<br/>
                        org.openqa.selenium.remote.ElementLocation$ElementFinder$2.findElement(ElementLocation.java:162)<br/>
                        org.openqa.selenium.remote.ElementLocation.findElement(ElementLocation.java:60)<br/>
                        org.openqa.selenium.remote.RemoteWebDriver.findElement(RemoteWebDriver.java:383)<br/>
                        org.openqa.selenium.remote.RemoteWebDriver.findElement(RemoteWebDriver.java:375)<br/>
                        org.mikehenze.alexnova.pages.ProductCartPage.clickRemoveProduct(ProductCartPage.java:53)<br/>
                        org.mikehenze.alexnova.testcases.ProductCartTests.TC0013_check_product_quantity_in_cart_test(ProductCartTests.java:128)<br/>
                        sun.reflect.NativeMethodAccessorImpl.invoke0(Native Method)<br/>
                        sun.reflect.NativeMethodAccessorImpl.invoke(NativeMethodAccessorImpl.java:62)<br/>
                        sun.reflect.DelegatingMethodAccessorImpl.invoke(DelegatingMethodAccessorImpl.java:43)<br/>
                        java.lang.reflect.Method.invoke(Method.java:498)<br/>
                        org.testng.internal.MethodInvocationHelper.invokeMethod(MethodInvocationHelper.java:124)<br/>
                        org.testng.internal.Invoker.invokeMethod(Invoker.java:583)<br/>
                        org.testng.internal.Invoker.invokeTestMethod(Invoker.java:719)<br/>
                        org.testng.internal.Invoker.invokeTestMethods(Invoker.java:989)<br/>
                        org.testng.internal.TestMethodWorker.invokeTestMethods(TestMethodWorker.java:125)<br/>
                        org.testng.internal.TestMethodWorker.run(TestMethodWorker.java:109)<br/>
                        org.testng.TestRunner.privateRun(TestRunner.java:648)<br/>
                        org.testng.TestRunner.run(TestRunner.java:505)<br/>
                        org.testng.SuiteRunner.runTest(SuiteRunner.java:455)<br/>
                        org.testng.SuiteRunner.runSequentially(SuiteRunner.java:450)<br/>
                        org.testng.SuiteRunner.privateRun(SuiteRunner.java:415)<br/>
                        org.testng.SuiteRunner.run(SuiteRunner.java:364)<br/>
                        org.testng.SuiteRunnerWorker.runSuite(SuiteRunnerWorker.java:52)<br/>
                        org.testng.SuiteRunnerWorker.run(SuiteRunnerWorker.java:84)<br/>
                        org.testng.TestNG.runSuitesSequentially(TestNG.java:1208)<br/>
                        org.testng.TestNG.runSuitesLocally(TestNG.java:1137)<br/>
                        org.testng.TestNG.runSuites(TestNG.java:1049)<br/>
                        org.testng.TestNG.run(TestNG.java:1017)<br/>
                        com.intellij.rt.testng.IDEARemoteTestNG.run(IDEARemoteTestNG.java:66)<br/>
                        com.intellij.rt.testng.RemoteTestNGStarter.main(RemoteTestNGStarter.java:109)<br/>
                </div>
        </td>
    </tr>
    <tr>
        <td class="method">
                TC0014_product_price_in_cart_quantity_test
        </td>
        <td class="duration">
            40.463s
        </td>
        <td class="result">
            <!-- Display the dependencies for skipped test methods -->


            <!-- Show logger output for the test -->

                <a href="javascript:toggleElement('exception-3', 'block')"
                   title="Click to expand/collapse">
                    <b>org.openqa.selenium.NoSuchElementException: no such element: Unable to locate element: {&quot;method&quot;:&quot;xpath&quot;,&quot;selector&quot;:&quot;/html/body/div[3]/div/section/form/table/tbody/tr/td[2]/span/span&quot;}<br/>
&nbsp; (Session info: chrome=102.0.5005.115)<br/>
For documentation on this error, please visit: https://selenium.dev/exceptions/#no_such_element<br/>
Build info: version: &apos;4.0.0&apos;, revision: &apos;3a21814679&apos;<br/>
System info: host: &apos;MacBook-Air.local&apos;, ip: &apos;2601:282:4200:f410:0:0:0:bc26%en0&apos;, os.name: &apos;Mac OS X&apos;, os.arch: &apos;x86_64&apos;, os.version: &apos;10.16&apos;, java.version: &apos;1.8.0_202&apos;<br/>
Driver info: org.openqa.selenium.chrome.ChromeDriver<br/>
Command: [02ad63b893fdca0493982ffb5e3dc872, findElement {using=xpath, value=/html/body/div[3]/div/section/form/table/tbody/tr/td[2]/span/span}]<br/>
Capabilities {acceptInsecureCerts: false, browserName: chrome, browserVersion: 102.0.5005.115, chrome: {chromedriverVersion: 101.0.4951.41 (93c720db8323..., userDataDir: /var/folders/7l/9vf35cy15ds...}, goog:chromeOptions: {debuggerAddress: localhost:64905}, javascriptEnabled: true, networkConnectionEnabled: false, pageLoadStrategy: normal, platform: MAC, platformName: MAC, proxy: Proxy(), se:cdp: ws://localhost:64905/devtoo..., se:cdpVersion: 102.0.5005.115, setWindowRect: true, strictFileInteractability: false, timeouts: {implicit: 0, pageLoad: 300000, script: 30000}, unhandledPromptBehavior: dismiss and notify, webauthn:extension:credBlob: true, webauthn:extension:largeBlob: true, webauthn:virtualAuthenticators: true}<br/>
Session ID: 02ad63b893fdca0493982ffb5e3dc872</b>
                </a>
                <br/>
                <div class="stackTrace" id="exception-3">
                        sun.reflect.NativeConstructorAccessorImpl.newInstance0(Native Method)<br/>
                        sun.reflect.NativeConstructorAccessorImpl.newInstance(NativeConstructorAccessorImpl.java:62)<br/>
                        sun.reflect.DelegatingConstructorAccessorImpl.newInstance(DelegatingConstructorAccessorImpl.java:45)<br/>
                        java.lang.reflect.Constructor.newInstance(Constructor.java:423)<br/>
                        org.openqa.selenium.remote.codec.w3c.W3CHttpResponseCodec.createException(W3CHttpResponseCodec.java:200)<br/>
                        org.openqa.selenium.remote.codec.w3c.W3CHttpResponseCodec.decode(W3CHttpResponseCodec.java:133)<br/>
                        org.openqa.selenium.remote.codec.w3c.W3CHttpResponseCodec.decode(W3CHttpResponseCodec.java:53)<br/>
                        org.openqa.selenium.remote.HttpCommandExecutor.execute(HttpCommandExecutor.java:184)<br/>
                        org.openqa.selenium.remote.service.DriverCommandExecutor.invokeExecute(DriverCommandExecutor.java:164)<br/>
                        org.openqa.selenium.remote.service.DriverCommandExecutor.execute(DriverCommandExecutor.java:139)<br/>
                        org.openqa.selenium.remote.RemoteWebDriver.execute(RemoteWebDriver.java:559)<br/>
                        org.openqa.selenium.remote.ElementLocation$ElementFinder$2.findElement(ElementLocation.java:162)<br/>
                        org.openqa.selenium.remote.ElementLocation.findElement(ElementLocation.java:60)<br/>
                        org.openqa.selenium.remote.RemoteWebDriver.findElement(RemoteWebDriver.java:383)<br/>
                        org.openqa.selenium.remote.RemoteWebDriver.findElement(RemoteWebDriver.java:375)<br/>
                        org.mikehenze.alexnova.pages.ProductCartPage.getProductPrice(ProductCartPage.java:65)<br/>
                        org.mikehenze.alexnova.testcases.ProductCartTests.TC0014_product_price_in_cart_quantity_test(ProductCartTests.java:156)<br/>
                        sun.reflect.NativeMethodAccessorImpl.invoke0(Native Method)<br/>
                        sun.reflect.NativeMethodAccessorImpl.invoke(NativeMethodAccessorImpl.java:62)<br/>
                        sun.reflect.DelegatingMethodAccessorImpl.invoke(DelegatingMethodAccessorImpl.java:43)<br/>
                        java.lang.reflect.Method.invoke(Method.java:498)<br/>
                        org.testng.internal.MethodInvocationHelper.invokeMethod(MethodInvocationHelper.java:124)<br/>
                        org.testng.internal.Invoker.invokeMethod(Invoker.java:583)<br/>
                        org.testng.internal.Invoker.invokeTestMethod(Invoker.java:719)<br/>
                        org.testng.internal.Invoker.invokeTestMethods(Invoker.java:989)<br/>
                        org.testng.internal.TestMethodWorker.invokeTestMethods(TestMethodWorker.java:125)<br/>
                        org.testng.internal.TestMethodWorker.run(TestMethodWorker.java:109)<br/>
                        org.testng.TestRunner.privateRun(TestRunner.java:648)<br/>
                        org.testng.TestRunner.run(TestRunner.java:505)<br/>
                        org.testng.SuiteRunner.runTest(SuiteRunner.java:455)<br/>
                        org.testng.SuiteRunner.runSequentially(SuiteRunner.java:450)<br/>
                        org.testng.SuiteRunner.privateRun(SuiteRunner.java:415)<br/>
                        org.testng.SuiteRunner.run(SuiteRunner.java:364)<br/>
                        org.testng.SuiteRunnerWorker.runSuite(SuiteRunnerWorker.java:52)<br/>
                        org.testng.SuiteRunnerWorker.run(SuiteRunnerWorker.java:84)<br/>
                        org.testng.TestNG.runSuitesSequentially(TestNG.java:1208)<br/>
                        org.testng.TestNG.runSuitesLocally(TestNG.java:1137)<br/>
                        org.testng.TestNG.runSuites(TestNG.java:1049)<br/>
                        org.testng.TestNG.run(TestNG.java:1017)<br/>
                        com.intellij.rt.testng.IDEARemoteTestNG.run(IDEARemoteTestNG.java:66)<br/>
                        com.intellij.rt.testng.RemoteTestNGStarter.main(RemoteTestNGStarter.java:109)<br/>
                </div>
        </td>
    </tr>
    <tr>
        <td class="method">
                TC0015_remove_product_from_cart_test
        </td>
        <td class="duration">
            40.015s
        </td>
        <td class="result">
            <!-- Display the dependencies for skipped test methods -->


            <!-- Show logger output for the test -->

                <a href="javascript:toggleElement('exception-4', 'block')"
                   title="Click to expand/collapse">
                    <b>org.openqa.selenium.NoSuchElementException: no such element: Unable to locate element: {&quot;method&quot;:&quot;css selector&quot;,&quot;selector&quot;:&quot;#updates_40723160268853&quot;}<br/>
&nbsp; (Session info: chrome=102.0.5005.115)<br/>
For documentation on this error, please visit: https://selenium.dev/exceptions/#no_such_element<br/>
Build info: version: &apos;4.0.0&apos;, revision: &apos;3a21814679&apos;<br/>
System info: host: &apos;MacBook-Air.local&apos;, ip: &apos;2601:282:4200:f410:0:0:0:bc26%en0&apos;, os.name: &apos;Mac OS X&apos;, os.arch: &apos;x86_64&apos;, os.version: &apos;10.16&apos;, java.version: &apos;1.8.0_202&apos;<br/>
Driver info: org.openqa.selenium.chrome.ChromeDriver<br/>
Command: [02ad63b893fdca0493982ffb5e3dc872, findElement {using=id, value=updates_40723160268853}]<br/>
Capabilities {acceptInsecureCerts: false, browserName: chrome, browserVersion: 102.0.5005.115, chrome: {chromedriverVersion: 101.0.4951.41 (93c720db8323..., userDataDir: /var/folders/7l/9vf35cy15ds...}, goog:chromeOptions: {debuggerAddress: localhost:64905}, javascriptEnabled: true, networkConnectionEnabled: false, pageLoadStrategy: normal, platform: MAC, platformName: MAC, proxy: Proxy(), se:cdp: ws://localhost:64905/devtoo..., se:cdpVersion: 102.0.5005.115, setWindowRect: true, strictFileInteractability: false, timeouts: {implicit: 0, pageLoad: 300000, script: 30000}, unhandledPromptBehavior: dismiss and notify, webauthn:extension:credBlob: true, webauthn:extension:largeBlob: true, webauthn:virtualAuthenticators: true}<br/>
Session ID: 02ad63b893fdca0493982ffb5e3dc872</b>
                </a>
                <br/>
                <div class="stackTrace" id="exception-4">
                        sun.reflect.NativeConstructorAccessorImpl.newInstance0(Native Method)<br/>
                        sun.reflect.NativeConstructorAccessorImpl.newInstance(NativeConstructorAccessorImpl.java:62)<br/>
                        sun.reflect.DelegatingConstructorAccessorImpl.newInstance(DelegatingConstructorAccessorImpl.java:45)<br/>
                        java.lang.reflect.Constructor.newInstance(Constructor.java:423)<br/>
                        org.openqa.selenium.remote.codec.w3c.W3CHttpResponseCodec.createException(W3CHttpResponseCodec.java:200)<br/>
                        org.openqa.selenium.remote.codec.w3c.W3CHttpResponseCodec.decode(W3CHttpResponseCodec.java:133)<br/>
                        org.openqa.selenium.remote.codec.w3c.W3CHttpResponseCodec.decode(W3CHttpResponseCodec.java:53)<br/>
                        org.openqa.selenium.remote.HttpCommandExecutor.execute(HttpCommandExecutor.java:184)<br/>
                        org.openqa.selenium.remote.service.DriverCommandExecutor.invokeExecute(DriverCommandExecutor.java:164)<br/>
                        org.openqa.selenium.remote.service.DriverCommandExecutor.execute(DriverCommandExecutor.java:139)<br/>
                        org.openqa.selenium.remote.RemoteWebDriver.execute(RemoteWebDriver.java:559)<br/>
                        org.openqa.selenium.remote.ElementLocation$ElementFinder$2.findElement(ElementLocation.java:162)<br/>
                        org.openqa.selenium.remote.ElementLocation.findElement(ElementLocation.java:60)<br/>
                        org.openqa.selenium.remote.RemoteWebDriver.findElement(RemoteWebDriver.java:383)<br/>
                        org.openqa.selenium.remote.RemoteWebDriver.findElement(RemoteWebDriver.java:375)<br/>
                        org.mikehenze.alexnova.testcases.ProductCartTests.TC0015_remove_product_from_cart_test(ProductCartTests.java:164)<br/>
                        sun.reflect.NativeMethodAccessorImpl.invoke0(Native Method)<br/>
                        sun.reflect.NativeMethodAccessorImpl.invoke(NativeMethodAccessorImpl.java:62)<br/>
                        sun.reflect.DelegatingMethodAccessorImpl.invoke(DelegatingMethodAccessorImpl.java:43)<br/>
                        java.lang.reflect.Method.invoke(Method.java:498)<br/>
                        org.testng.internal.MethodInvocationHelper.invokeMethod(MethodInvocationHelper.java:124)<br/>
                        org.testng.internal.Invoker.invokeMethod(Invoker.java:583)<br/>
                        org.testng.internal.Invoker.invokeTestMethod(Invoker.java:719)<br/>
                        org.testng.internal.Invoker.invokeTestMethods(Invoker.java:989)<br/>
                        org.testng.internal.TestMethodWorker.invokeTestMethods(TestMethodWorker.java:125)<br/>
                        org.testng.internal.TestMethodWorker.run(TestMethodWorker.java:109)<br/>
                        org.testng.TestRunner.privateRun(TestRunner.java:648)<br/>
                        org.testng.TestRunner.run(TestRunner.java:505)<br/>
                        org.testng.SuiteRunner.runTest(SuiteRunner.java:455)<br/>
                        org.testng.SuiteRunner.runSequentially(SuiteRunner.java:450)<br/>
                        org.testng.SuiteRunner.privateRun(SuiteRunner.java:415)<br/>
                        org.testng.SuiteRunner.run(SuiteRunner.java:364)<br/>
                        org.testng.SuiteRunnerWorker.runSuite(SuiteRunnerWorker.java:52)<br/>
                        org.testng.SuiteRunnerWorker.run(SuiteRunnerWorker.java:84)<br/>
                        org.testng.TestNG.runSuitesSequentially(TestNG.java:1208)<br/>
                        org.testng.TestNG.runSuitesLocally(TestNG.java:1137)<br/>
                        org.testng.TestNG.runSuites(TestNG.java:1049)<br/>
                        org.testng.TestNG.run(TestNG.java:1017)<br/>
                        com.intellij.rt.testng.IDEARemoteTestNG.run(IDEARemoteTestNG.java:66)<br/>
                        com.intellij.rt.testng.RemoteTestNGStarter.main(RemoteTestNGStarter.java:109)<br/>
                </div>
        </td>
    </tr>
    </table>


    <table class="resultsTable" width="100%">
        <tr>
            <th colspan="3" class="header passed">Passed Tests</th>
        </tr>
            <tr>
                <td class="group" colspan="3">org.mikehenze.alexnova.testcases.ProductCartTests</td>
            </tr>
    <tr>
        <td class="method">
                TC0010_check_product_page_price_test
        </td>
        <td class="duration">
            11.928s
        </td>
        <td class="result">
            <!-- Display the dependencies for skipped test methods -->


            <!-- Show logger output for the test -->

        </td>
    </tr>
    </table>

<script type="text/javascript" src="reportng.js"></script>
</body>
