<?xml version="1.0" encoding="UTF-8"?>
<testsuite name="test suite 5"
           tests="1"
           failures="1"
           errors="0"
           skipped="0"
           time="45.392">
    <properties></properties>

            <testcase
                name="TC0016_discount_code_test"
                time="45.392"
                classname="org.mikehenze.alexnova.testcases.GiftCardTests">

            <failure type="org.openqa.selenium.TimeoutException" message="Expected condition failed: waiting for visibility of element located by By.xpath: //*[@id=&apos;keyboard-nav-3&apos;]/div[2]/div[1]/p[1]/span[1] (tried for 40 second(s) with 500 milliseconds interval)
Build info: version: &apos;4.0.0&apos;, revision: &apos;3a21814679&apos;
System info: host: &apos;MacBook-Air.local&apos;, ip: &apos;2601:282:4200:f410:0:0:0:bc26%en0&apos;, os.name: &apos;Mac OS X&apos;, os.arch: &apos;x86_64&apos;, os.version: &apos;10.16&apos;, java.version: &apos;1.8.0_202&apos;
Driver info: org.openqa.selenium.chrome.ChromeDriver
Capabilities {acceptInsecureCerts: false, browserName: chrome, browserVersion: 102.0.5005.115, chrome: {chromedriverVersion: 101.0.4951.41 (93c720db8323..., userDataDir: /var/folders/7l/9vf35cy15ds...}, goog:chromeOptions: {debuggerAddress: localhost:65105}, javascriptEnabled: true, networkConnectionEnabled: false, pageLoadStrategy: normal, platform: MAC, platformName: MAC, proxy: Proxy(), se:cdp: ws://localhost:65105/devtoo..., se:cdpVersion: 102.0.5005.115, setWindowRect: true, strictFileInteractability: false, timeouts: {implicit: 0, pageLoad: 300000, script: 30000}, unhandledPromptBehavior: dismiss and notify, webauthn:extension:credBlob: true, webauthn:extension:largeBlob: true, webauthn:virtualAuthenticators: true}
Session ID: 952b3c3719906a10e082b69b5b7fcaf4">
                <![CDATA[org.openqa.selenium.TimeoutException: Expected condition failed: waiting for visibility of element located by By.xpath: //*[@id='keyboard-nav-3']/div[2]/div[1]/p[1]/span[1] (tried for 40 second(s) with 500 milliseconds interval)
Build info: version: '4.0.0', revision: '3a21814679'
System info: host: 'MacBook-Air.local', ip: '2601:282:4200:f410:0:0:0:bc26%en0', os.name: 'Mac OS X', os.arch: 'x86_64', os.version: '10.16', java.version: '1.8.0_202'
Driver info: org.openqa.selenium.chrome.ChromeDriver
Capabilities {acceptInsecureCerts: false, browserName: chrome, browserVersion: 102.0.5005.115, chrome: {chromedriverVersion: 101.0.4951.41 (93c720db8323..., userDataDir: /var/folders/7l/9vf35cy15ds...}, goog:chromeOptions: {debuggerAddress: localhost:65105}, javascriptEnabled: true, networkConnectionEnabled: false, pageLoadStrategy: normal, platform: MAC, platformName: MAC, proxy: Proxy(), se:cdp: ws://localhost:65105/devtoo..., se:cdpVersion: 102.0.5005.115, setWindowRect: true, strictFileInteractability: false, timeouts: {implicit: 0, pageLoad: 300000, script: 30000}, unhandledPromptBehavior: dismiss and notify, webauthn:extension:credBlob: true, webauthn:extension:largeBlob: true, webauthn:virtualAuthenticators: true}
Session ID: 952b3c3719906a10e082b69b5b7fcaf4
                org.openqa.selenium.support.ui.WebDriverWait.timeoutException(WebDriverWait.java:138)org.openqa.selenium.support.ui.FluentWait.until(FluentWait.java:231)org.mikehenze.alexnova.testcases.GiftCardTests.TC0016_discount_code_test(GiftCardTests.java:83)sun.reflect.NativeMethodAccessorImpl.invoke0(Native Method)sun.reflect.NativeMethodAccessorImpl.invoke(NativeMethodAccessorImpl.java:62)sun.reflect.DelegatingMethodAccessorImpl.invoke(DelegatingMethodAccessorImpl.java:43)java.lang.reflect.Method.invoke(Method.java:498)org.testng.internal.MethodInvocationHelper.invokeMethod(MethodInvocationHelper.java:124)org.testng.internal.Invoker.invokeMethod(Invoker.java:583)org.testng.internal.Invoker.invokeTestMethod(Invoker.java:719)org.testng.internal.Invoker.invokeTestMethods(Invoker.java:989)org.testng.internal.TestMethodWorker.invokeTestMethods(TestMethodWorker.java:125)org.testng.internal.TestMethodWorker.run(TestMethodWorker.java:109)org.testng.TestRunner.privateRun(TestRunner.java:648)org.testng.TestRunner.run(TestRunner.java:505)org.testng.SuiteRunner.runTest(SuiteRunner.java:455)org.testng.SuiteRunner.runSequentially(SuiteRunner.java:450)org.testng.SuiteRunner.privateRun(SuiteRunner.java:415)org.testng.SuiteRunner.run(SuiteRunner.java:364)org.testng.SuiteRunnerWorker.runSuite(SuiteRunnerWorker.java:52)org.testng.SuiteRunnerWorker.run(SuiteRunnerWorker.java:84)org.testng.TestNG.runSuitesSequentially(TestNG.java:1208)org.testng.TestNG.runSuitesLocally(TestNG.java:1137)org.testng.TestNG.runSuites(TestNG.java:1049)org.testng.TestNG.run(TestNG.java:1017)com.intellij.rt.testng.IDEARemoteTestNG.run(IDEARemoteTestNG.java:66)com.intellij.rt.testng.RemoteTestNGStarter.main(RemoteTestNGStarter.java:109)
]]>
            </failure>
    </testcase>


</testsuite>
